[Thu Jan 05 09:57:54.723848 2023] [mpm_winnt:notice] [pid 8164:tid 360] AH00456: Apache Lounge VS16 Server built: Jun 22 2022 09:58:15
[Thu Jan 05 09:59:20.322567 2023] [core:info] [pid 8164:tid 360] AH00096: removed module mpm_winnt
[Thu Jan 05 09:57:54.723848 2023] [mpm_winnt:notice] [pid 8164:tid 360] AH00456: Apache Lounge VS16 Server built: Jun 22 2022 09:58:15[Thu Jan 05 09:57:54.723848 2023] [mpm_winnt:notice] [pid 8164:tid 360] AH00456: Apache Lounge VS16 Server built: Jun 22 2022 09:58:15
[Thu Jan 05 09:59:20.322567 2023] [core:info] [pid 8164:tid 360] AH00096: removed module mpm_winnt
[Thu Jan 05 10:02:45.123456 2023] [mpm_winnt:notice] [pid 8164:tid 360] AH00456: Apache Lounge VS16 Server built: Jun 22 2022 09:58:15
[Thu Jan 05 10:05:12.987654 2023] [http:error] [pid 8164:tid 360] [client 192.168.0.1:54321] AH02102: CACertificateFile '/path/to/certificate.crt' does not exist or is empty, referer: https://example.com/page
[Thu Jan 05 10:10:30.555555 2023] [mpm_winnt:notice] [pid 8164:tid 360] AH00456: Apache Lounge VS16 Server built: Jun 22 2022 09:58:15
[Thu Jan 05 10:10:30.555555 2023] [mpm_winnt:notice] [pid 8164:tid 360] AH00456: Apache Lounge VS16 Server built: Jun 22 2022 09:58:15
[Thu Jan 05 10:12:18.111111 2023] [http:info] [pid 8164:tid 360] AH01264: Invalid host header: example.com:8080
[Thu Jan 05 09:57:54.723848 2023] [mpm_winnt:notice] [pid 8164:tid 360] AH00456: Apache Lounge VS16 Server built: Jun 22 2022 09:58:15
[Thu Jan 05 09:59:12.123456 2023] [core:info] [pid 8164:tid 360] AH00096: Server restart initiated
[Thu Jan 05 10:01:30.987654 2023] [http:error] [pid 8164:tid 360] [client 192.168.0.1:54321] AH02102: Invalid request received from client, referer: https://example.com/page
[Thu Jan 05 10:04:55.555555 2023] [mpm_winnt:notice] [pid 8164:tid 360] AH00456: Apache Lounge VS16 Server is online
[Thu Jan 05 10:07:18.111111 2023] [http:info] [pid 8164:tid 360] AH01264: User 'john_doe' logged in
[Thu Jan 05 10:10:45.444444 2023] [core:info] [pid 8164:tid 360] [client 192.168.0.2:12345] AH00128: File '/path/to/file.txt' accessed
[Thu Jan 05 10:13:30.777777 2023] [mpm_winnt:notice] [pid 8164:tid 360] AH00456: Apache Lounge VS16 Server is online and ready
[Thu Jan 05 10:16:55.999999 2023] [http:error] [pid 8164:tid 360] [client 192.168.0.3:54321] AH01630: Access denied for client, referer: https://example.com/secure_page
[Thu Jan 05 10:19:40.666666 2023] [core:warn] [pid 8164:tid 360] (OS 64)The specified network name is no longer available.  : AH00056: Connection failure to [::]:80
[Thu Jan 05 10:22:20.333333 2023] [mpm_winnt:notice] [pid 8164:tid 360] AH00456: Apache Lounge VS16 Server is now handling requests
[Thu Jan 05 10:25:12.222222 2023] [http:info] [pid 8164:tid 360] AH01797: Client connected using HTTP/1.1 without chunking
[Thu Jan 05 10:28:45.111111 2023] [http:error] [pid 8164:tid 360] [client 192.168.0.4:54321] AH02102: Invalid request received from client, referer: https://malicious-site.com/page
[Thu Jan 05 10:30:15.555555 2023] [core:info] [pid 8164:tid 360] Attempted SQL injection detected in query: SELECT * FROM users WHERE username = 'admin' AND password = ' OR 1=1 --'
[Thu Jan 05 10:32:30.987654 2023] [http:error] [pid 8164:tid 360] [client 192.168.0.5:54321] AH01630: Access denied for client, referer: https://evil-hacker.com/attack
[Thu Jan 05 10:35:18.123456 2023] [core:info] [pid 8164:tid 360] Unauthorized access attempt to sensitive resource: /admin.php
[Thu Jan 05 10:20:02.444444 2023] [core:info] [pid 8164:tid 360] [client 192.168.0.2:12345] AH00128: File does not exist: /path/to/404.html
[Thu Jan 05 10:25:30.777777 2023] [mpm_winnt:notice] [pid 8164:tid 360] AH00456: Apache Lounge VS16 Server built: Jun 22 2022 09:58:15
[Thu Jan 05 09:57:54.723848 2023] [mpm_winnt:notice] [pid 8164:tid 360] AH00456: Apache Lounge VS16 Server built: Jun 22 2022 09:58:15
[Thu Jan 05 09:59:20.322567 2023] [core:info] [pid 8164:tid 360] AH00096: removed module mpm_winnt
[Thu Jan 05 10:02:45.123456 2023] [mpm_winnt:notice] [pid 8164:tid 360] AH00456: Apache Lounge VS16 Server built: Jun 22 2022 09:58:15
[Thu Jan 05 09:57:54.723848 2023] [mpm_winnt:notice] [pid 8164:tid 360] AH00456: Apache Lounge VS16 Server built: Jun 22 2022 09:58:15[Thu Jan 05 09:57:54.723848 2023] [mpm_winnt:notice] [pid 8164:tid 360] AH00456: Apache Lounge VS16 Server built: Jun 22 2022 09:58:15
[Thu Jan 05 09:59:20.322567 2023] [core:info] [pid 8164:tid 360] AH00096: removed module mpm_winnt
[Thu Jan 05 10:02:45.123456 2023] [mpm_winnt:notice] [pid 8164:tid 360] AH00456: Apache Lounge VS16 Server built: Jun 22 2022 09:58:15
[Thu Jan 05 10:05:12.987654 2023] [http:error] [pid 8164:tid 360] [client 192.168.0.1:54321] AH02102: CACertificateFile '/path/to/certificate.crt' does not exist or is empty, referer: https://example.com/page
[Thu Jan 05 10:10:30.555555 2023] [mpm_winnt:notice] [pid 8164:tid 360] AH00456: Apache Lounge VS16 Server built: Jun 22 2022 09:58:15
[Thu Jan 05 10:10:30.555555 2023] [mpm_winnt:notice] [pid 8164:tid 360] AH00456: Apache Lounge VS16 Server built: Jun 22 2022 09:58:15
[Thu Jan 05 10:02:45.123456 2023] [mpm_winnt:notice] [pid 8164:tid 360] AH00456: Apache Lounge VS16 Server built: Jun 22 2022 09:58:15
[Thu Jan 05 10:12:18.111111 2023] [http:info] [pid 8164:tid 360] AH01264: Invalid host header: example.com:8080
[Thu Jan 05 09:57:54.723848 2023] [mpm_winnt:notice] [pid 8164:tid 360] AH00456: Apache Lounge VS16 Server built: Jun 22 2022 09:58:15[Thu Jan 05 09:57:54.723848 2023] [mpm_winnt:notice] [pid 8164:tid 360] AH00456: Apache Lounge VS16 Server built: Jun 22 2022 09:58:15
[Thu Jan 05 09:59:20.322567 2023] [core:info] [pid 8164:tid 360] AH00096: removed module mpm_winnt
[Thu Jan 05 10:02:45.123456 2023] [mpm_winnt:notice] [pid 8164:tid 360] AH00456: Apache Lounge VS16 Server built: Jun 22 2022 09:58:15
[Thu Jan 05 10:05:12.987654 2023] [http:error] [pid 8164:tid 360] [client 192.168.0.1:54321] AH02102: CACertificateFile '/path/to/certificate.crt' does not exist or is empty, referer: https://example.com/page
[Thu Jan 05 10:10:30.555555 2023] [mpm_winnt:notice] [pid 8164:tid 360] AH00456: Apache Lounge VS16 Server built: Jun 22 2022 09:58:15
[Thu Jan 05 10:10:30.555555 2023] [mpm_winnt:notice] [pid 8164:tid 360] AH00456: Apache Lounge VS16 Server built: Jun 22 2022 09:58:15
[Thu Jan 05 10:12:18.111111 2023] [http:info] [pid 8164:tid 360] AH01264: Invalid host header: example.com:8080
[Thu Jan 05 09:57:54.723848 2023] [mpm_winnt:notice] [pid 8164:tid 360] AH00456: Apache Lounge VS16 Server built: Jun 22 2022 09:58:15
[Thu Jan 05 09:59:20.322567 2023] [core:info] [pid 8164:tid 360] AH00096: removed module mpm_winnt
[Thu Jan 05 10:02:45.123456 2023] [mpm_winnt:notice] [pid 8164:tid 360] AH00456: Apache Lounge VS16 Server built: Jun 22 2022 09:58:15
[Thu Jan 05 09:57:54.723848 2023] [mpm_winnt:notice] [pid 8164:tid 360] AH00456: Apache Lounge VS16 Server built: Jun 22 2022 09:58:15[Thu Jan 05 09:57:54.723848 2023] [mpm_winnt:notice] [pid 8164:tid 360] AH00456: Apache Lounge VS16 Server built: Jun 22 2022 09:58:15
[Thu Jan 05 09:59:20.322567 2023] [core:info] [pid 8164:tid 360] AH00096: removed module mpm_winnt
[Thu Jan 05 10:02:45.123456 2023] [mpm_winnt:notice] [pid 8164:tid 360] AH00456: Apache Lounge VS16 Server built: Jun 22 2022 09:58:15
[Thu Jan 05 10:05:12.987654 2023] [http:error] [pid 8164:tid 360] [client 192.168.0.1:54321] AH02102: CACertificateFile '/path/to/certificate.crt' does not exist or is empty, referer: https://example.com/page
[Thu Jan 05 10:10:30.555555 2023] [mpm_winnt:notice] [pid 8164:tid 360] AH00456: Apache Lounge VS16 Server built: Jun 22 2022 09:58:15
[Thu Jan 05 10:10:30.555555 2023] [mpm_winnt:notice] [pid 8164:tid 360] AH00456: Apache Lounge VS16 Server built: Jun 22 2022 09:58:15
[Thu Jan 05 10:12:18.111111 2023] [http:info] [pid 8164:tid 360] AH01264: Invalid host header: example.com:8080