[Thu Jan 05 09:57:54.635847 2023] [ssl:warn] [pid 8164:tid 360] AH01909: www.example.com:443:0 server certificate does NOT include an ID which matches the server name
[Thu Jan 05 09:57:54.673848 2023] [ssl:warn] [pid 8164:tid 360] AH01909: www.example.com:443:0 server certificate does NOT include an ID which matches the server name
[Thu Jan 05 09:57:54.723848 2023] [mpm_winnt:notice] [pid 8164:tid 360] AH00455: Apache/2.4.54 (Win64) OpenSSL/1.1.1p PHP/8.2.0 configured -- resuming normal operations
[Thu Jan 05 09:57:54.723848 2023] [mpm_winnt:notice] [pid 8164:tid 360] AH00456: Apache Lounge VS16 Server built: Jun 22 2022 09:58:15
[Thu Jan 05 09:57:54.723848 2023] [core:notice] [pid 8164:tid 360] AH00094: Command line: 'd:\\xampp8\\apache\\bin\\httpd.exe -d D:/Xampp8/apache'
[Thu Jan 05 09:57:54.729848 2023] [mpm_winnt:notice] [pid 8164:tid 360] AH00418: Parent: Created child process 988
[Thu Jan 05 09:57:55.289850 2023] [ssl:warn] [pid 988:tid 360] AH01909: www.example.com:443:0 server certificate does NOT include an ID which matches the server name
[Thu Jan 05 09:57:55.323849 2023] [ssl:warn] [pid 988:tid 360] AH01909: www.example.com:443:0 server certificate does NOT include an ID which matches the server name
[Thu Jan 05 09:57:55.365848 2023] [mpm_winnt:notice] [pid 988:tid 360] AH00354: Child: Starting 150 worker threads.
[Thu Jan 05 09:59:56.240597 2023] [access_compat:error] [pid 988:tid 1880] [client 127.0.0.1:51960] AH01797: client denied by server configuration: D:/Xampp8/htdocs/links/.env
[Thu Jan 05 09:59:56.256635 2023] [access_compat:error] [pid 988:tid 1880] [client 127.0.0.1:51962] AH01797: client denied by server configuration: D:/Xampp8/htdocs/links/database/database.sqlite
[Thu Jan 05 10:00:00.039080 2023] [access_compat:error] [pid 988:tid 1880] [client 127.0.0.1:51968] AH01797: client denied by server configuration: D:/Xampp8/htdocs/links/.env
[Thu Jan 05 10:00:00.055081 2023] [access_compat:error] [pid 988:tid 1880] [client 127.0.0.1:51969] AH01797: client denied by server configuration: D:/Xampp8/htdocs/links/database/database.sqlite
[Thu Jan 05 10:00:13.349830 2023] [access_compat:error] [pid 988:tid 1868] [client 127.0.0.1:51992] AH01797: client denied by server configuration: D:/Xampp8/htdocs/links/.env
[Thu Jan 05 10:00:13.370866 2023] [access_compat:error] [pid 988:tid 1868] [client 127.0.0.1:51993] AH01797: client denied by server configuration: D:/Xampp8/htdocs/links/database/database.sqlite
[Thu Jan 05 10:16:46.872266 2023] [access_compat:error] [pid 988:tid 1868] [client 127.0.0.1:52618] AH01797: client denied by server configuration: D:/Xampp8/htdocs/links/.env
[Thu Jan 05 10:16:46.888257 2023] [access_compat:error] [pid 988:tid 1868] [client 127.0.0.1:52619] AH01797: client denied by server configuration: D:/Xampp8/htdocs/links/database/database.sqlite
[Thu Jan 05 10:16:50.538725 2023] [access_compat:error] [pid 988:tid 1868] [client 127.0.0.1:52626] AH01797: client denied by server configuration: D:/Xampp8/htdocs/links/.env
[Thu Jan 05 10:16:50.554081 2023] [access_compat:error] [pid 988:tid 1868] [client 127.0.0.1:52627] AH01797: client denied by server configuration: D:/Xampp8/htdocs/links/database/database.sqlite
[Thu Jan 05 10:17:05.735142 2023] [access_compat:error] [pid 988:tid 1868] [client 127.0.0.1:52650] AH01797: client denied by server configuration: D:/Xampp8/htdocs/links/.env
[Thu Jan 05 10:17:05.751082 2023] [access_compat:error] [pid 988:tid 1868] [client 127.0.0.1:52651] AH01797: client denied by server configuration: D:/Xampp8/htdocs/links/database/database.sqlite
[Thu Jan 05 10:17:45.584923 2023] [access_compat:error] [pid 988:tid 1868] [client 127.0.0.1:52682] AH01797: client denied by server configuration: D:/Xampp8/htdocs/links/.env
[Thu Jan 05 10:17:45.585896 2023] [access_compat:error] [pid 988:tid 1868] [client 127.0.0.1:52683] AH01797: client denied by server configuration: D:/Xampp8/htdocs/links/database/database.sqlite
[Thu Jan 05 10:17:53.266264 2023] [access_compat:error] [pid 988:tid 1868] [client 127.0.0.1:52696] AH01797: client denied by server configuration: D:/Xampp8/htdocs/links/.env
[Thu Jan 05 10:17:53.282267 2023] [access_compat:error] [pid 988:tid 1868] [client 127.0.0.1:52697] AH01797: client denied by server configuration: D:/Xampp8/htdocs/links/database/database.sqlite
[Thu Jan 05 10:17:55.658663 2023] [access_compat:error] [pid 988:tid 1888] [client 127.0.0.1:52704] AH01797: client denied by server configuration: D:/Xampp8/htdocs/links/.env
[Thu Jan 05 10:17:55.674664 2023] [access_compat:error] [pid 988:tid 1888] [client 127.0.0.1:52705] AH01797: client denied by server configuration: D:/Xampp8/htdocs/links/database/database.sqlite
[Thu Jan 05 10:18:28.444322 2023] [access_compat:error] [pid 988:tid 1880] [client 127.0.0.1:52730] AH01797: client denied by server configuration: D:/Xampp8/htdocs/links/.env
[Thu Jan 05 10:18:28.459523 2023] [access_compat:error] [pid 988:tid 1880] [client 127.0.0.1:52731] AH01797: client denied by server configuration: D:/Xampp8/htdocs/links/database/database.sqlite
[Thu Jan 05 10:18:31.458667 2023] [access_compat:error] [pid 988:tid 1888] [client 127.0.0.1:52742] AH01797: client denied by server configuration: D:/Xampp8/htdocs/links/.env
[Thu Jan 05 10:18:31.474508 2023] [access_compat:error] [pid 988:tid 1888] [client 127.0.0.1:52743] AH01797: client denied by server configuration: D:/Xampp8/htdocs/links/database/database.sqlite
[Wed May 17 12:47:55.696265 2023] [ssl:warn] [pid 23316:tid 344] AH01909: www.example.com:443:0 server certificate does NOT include an ID which matches the server name
[Wed May 17 12:47:55.746199 2023] [core:warn] [pid 23316:tid 344] AH00098: pid file D:/Xampp8/apache/logs/httpd.pid overwritten -- Unclean shutdown of previous Apache run?
[Wed May 17 12:47:55.748199 2023] [ssl:warn] [pid 23316:tid 344] AH01909: www.example.com:443:0 server certificate does NOT include an ID which matches the server name
[Wed May 17 12:47:56.036361 2023] [mpm_winnt:notice] [pid 23316:tid 344] AH00455: Apache/2.4.54 (Win64) OpenSSL/1.1.1p PHP/8.2.0 configured -- resuming normal operations
[Wed May 17 12:47:56.036361 2023] [mpm_winnt:notice] [pid 23316:tid 344] AH00456: Apache Lounge VS16 Server built: Jun 22 2022 09:58:15
[Wed May 17 12:47:56.036361 2023] [core:notice] [pid 23316:tid 344] AH00094: Command line: 'd:\\xampp8\\apache\\bin\\httpd.exe -d D:/Xampp8/apache'
[Wed May 17 12:47:56.040362 2023] [mpm_winnt:notice] [pid 23316:tid 344] AH00418: Parent: Created child process 10700
[Wed May 17 12:47:56.457731 2023] [ssl:warn] [pid 10700:tid 340] AH01909: www.example.com:443:0 server certificate does NOT include an ID which matches the server name
[Wed May 17 12:47:56.502526 2023] [ssl:warn] [pid 10700:tid 340] AH01909: www.example.com:443:0 server certificate does NOT include an ID which matches the server name
[Wed May 17 12:47:56.542855 2023] [mpm_winnt:notice] [pid 10700:tid 340] AH00354: Child: Starting 150 worker threads.
[Wed May 17 17:36:13.210583 2023] [ssl:warn] [pid 11348:tid 340] AH01909: www.example.com:443:0 server certificate does NOT include an ID which matches the server name
[Wed May 17 17:36:13.258649 2023] [core:warn] [pid 11348:tid 340] AH00098: pid file D:/Xampp8/apache/logs/httpd.pid overwritten -- Unclean shutdown of previous Apache run?
[Wed May 17 17:36:13.260623 2023] [ssl:warn] [pid 11348:tid 340] AH01909: www.example.com:443:0 server certificate does NOT include an ID which matches the server name
[Wed May 17 17:36:13.302881 2023] [mpm_winnt:notice] [pid 11348:tid 340] AH00455: Apache/2.4.54 (Win64) OpenSSL/1.1.1p PHP/8.2.0 configured -- resuming normal operations
[Wed May 17 17:36:13.302881 2023] [mpm_winnt:notice] [pid 11348:tid 340] AH00456: Apache Lounge VS16 Server built: Jun 22 2022 09:58:15
[Wed May 17 17:36:13.302881 2023] [core:notice] [pid 11348:tid 340] AH00094: Command line: 'd:\\xampp8\\apache\\bin\\httpd.exe -d D:/Xampp8/apache'
[Wed May 17 17:36:13.306329 2023] [mpm_winnt:notice] [pid 11348:tid 340] AH00418: Parent: Created child process 7128
[Wed May 17 17:36:13.731110 2023] [ssl:warn] [pid 7128:tid 336] AH01909: www.example.com:443:0 server certificate does NOT include an ID which matches the server name
[Wed May 17 17:36:13.777749 2023] [ssl:warn] [pid 7128:tid 336] AH01909: www.example.com:443:0 server certificate does NOT include an ID which matches the server name
[Wed May 17 17:36:13.818751 2023] [mpm_winnt:notice] [pid 7128:tid 336] AH00354: Child: Starting 150 worker threads.
[Wed May 17 17:50:22.860217 2023] [ssl:warn] [pid 1564:tid 340] AH01909: www.example.com:443:0 server certificate does NOT include an ID which matches the server name
[Wed May 17 17:50:22.901230 2023] [core:warn] [pid 1564:tid 340] AH00098: pid file D:/Xampp8/apache/logs/httpd.pid overwritten -- Unclean shutdown of previous Apache run?
[Wed May 17 17:50:22.903193 2023] [ssl:warn] [pid 1564:tid 340] AH01909: www.example.com:443:0 server certificate does NOT include an ID which matches the server name
[Wed May 17 17:50:22.942401 2023] [mpm_winnt:notice] [pid 1564:tid 340] AH00455: Apache/2.4.54 (Win64) OpenSSL/1.1.1p PHP/8.2.0 configured -- resuming normal operations
[Wed May 17 17:50:22.942401 2023] [mpm_winnt:notice] [pid 1564:tid 340] AH00456: Apache Lounge VS16 Server built: Jun 22 2022 09:58:15
[Wed May 17 17:50:22.942401 2023] [core:notice] [pid 1564:tid 340] AH00094: Command line: 'd:\\xampp8\\apache\\bin\\httpd.exe -d D:/Xampp8/apache'
[Wed May 17 17:50:22.945365 2023] [mpm_winnt:notice] [pid 1564:tid 340] AH00418: Parent: Created child process 19576
[Wed May 17 17:50:23.262203 2023] [ssl:warn] [pid 19576:tid 340] AH01909: www.example.com:443:0 server certificate does NOT include an ID which matches the server name
[Wed May 17 17:50:23.314724 2023] [ssl:warn] [pid 19576:tid 340] AH01909: www.example.com:443:0 server certificate does NOT include an ID which matches the server name
[Wed May 17 17:50:23.360724 2023] [mpm_winnt:notice] [pid 19576:tid 340] AH00354: Child: Starting 150 worker threads.
[Wed May 17 18:09:13.759245 2023] [ssl:warn] [pid 7460:tid 340] AH01909: www.example.com:443:0 server certificate does NOT include an ID which matches the server name
[Wed May 17 18:09:13.797837 2023] [core:warn] [pid 7460:tid 340] AH00098: pid file D:/Xampp8/apache/logs/httpd.pid overwritten -- Unclean shutdown of previous Apache run?
[Wed May 17 18:09:13.799827 2023] [ssl:warn] [pid 7460:tid 340] AH01909: www.example.com:443:0 server certificate does NOT include an ID which matches the server name
[Wed May 17 18:09:14.035719 2023] [mpm_winnt:notice] [pid 7460:tid 340] AH00455: Apache/2.4.54 (Win64) OpenSSL/1.1.1p PHP/8.2.0 configured -- resuming normal operations
[Wed May 17 18:09:14.035719 2023] [mpm_winnt:notice] [pid 7460:tid 340] AH00456: Apache Lounge VS16 Server built: Jun 22 2022 09:58:15
[Wed May 17 18:09:14.035719 2023] [core:notice] [pid 7460:tid 340] AH00094: Command line: 'd:\\xampp8\\apache\\bin\\httpd.exe -d D:/Xampp8/apache'
[Wed May 17 18:09:14.038676 2023] [mpm_winnt:notice] [pid 7460:tid 340] AH00418: Parent: Created child process 16748
[Wed May 17 18:09:14.341808 2023] [ssl:warn] [pid 16748:tid 344] AH01909: www.example.com:443:0 server certificate does NOT include an ID which matches the server name
[Wed May 17 18:09:14.381194 2023] [ssl:warn] [pid 16748:tid 344] AH01909: www.example.com:443:0 server certificate does NOT include an ID which matches the server name
[Wed May 17 18:09:14.418154 2023] [mpm_winnt:notice] [pid 16748:tid 344] AH00354: Child: Starting 150 worker threads.
[Sun May 21 09:22:37.123737 2023] [ssl:warn] [pid 9736:tid 340] AH01909: www.example.com:443:0 server certificate does NOT include an ID which matches the server name
[Sun May 21 09:22:37.165737 2023] [core:warn] [pid 9736:tid 340] AH00098: pid file D:/Xampp8/apache/logs/httpd.pid overwritten -- Unclean shutdown of previous Apache run?
[Sun May 21 09:22:37.167699 2023] [ssl:warn] [pid 9736:tid 340] AH01909: www.example.com:443:0 server certificate does NOT include an ID which matches the server name
[Sun May 21 09:22:37.449565 2023] [mpm_winnt:notice] [pid 9736:tid 340] AH00455: Apache/2.4.54 (Win64) OpenSSL/1.1.1p PHP/8.2.0 configured -- resuming normal operations
[Sun May 21 09:22:37.450566 2023] [mpm_winnt:notice] [pid 9736:tid 340] AH00456: Apache Lounge VS16 Server built: Jun 22 2022 09:58:15
[Sun May 21 09:22:37.450566 2023] [core:notice] [pid 9736:tid 340] AH00094: Command line: 'd:\\xampp8\\apache\\bin\\httpd.exe -d D:/Xampp8/apache'
[Sun May 21 09:22:37.453565 2023] [mpm_winnt:notice] [pid 9736:tid 340] AH00418: Parent: Created child process 20056
[Sun May 21 09:22:37.778778 2023] [ssl:warn] [pid 20056:tid 352] AH01909: www.example.com:443:0 server certificate does NOT include an ID which matches the server name
[Sun May 21 09:22:37.813897 2023] [ssl:warn] [pid 20056:tid 352] AH01909: www.example.com:443:0 server certificate does NOT include an ID which matches the server name
[Sun May 21 09:22:37.847722 2023] [mpm_winnt:notice] [pid 20056:tid 352] AH00354: Child: Starting 150 worker threads.
[Sun May 21 10:55:20.928610 2023] [ssl:warn] [pid 28692:tid 340] AH01909: www.example.com:443:0 server certificate does NOT include an ID which matches the server name
[Sun May 21 10:55:20.970677 2023] [core:warn] [pid 28692:tid 340] AH00098: pid file D:/Xampp8/apache/logs/httpd.pid overwritten -- Unclean shutdown of previous Apache run?
[Sun May 21 10:55:20.972641 2023] [ssl:warn] [pid 28692:tid 340] AH01909: www.example.com:443:0 server certificate does NOT include an ID which matches the server name
[Sun May 21 10:55:21.009586 2023] [mpm_winnt:notice] [pid 28692:tid 340] AH00455: Apache/2.4.54 (Win64) OpenSSL/1.1.1p PHP/8.2.0 configured -- resuming normal operations
[Sun May 21 10:55:21.009586 2023] [mpm_winnt:notice] [pid 28692:tid 340] AH00456: Apache Lounge VS16 Server built: Jun 22 2022 09:58:15
[Sun May 21 10:55:21.009586 2023] [core:notice] [pid 28692:tid 340] AH00094: Command line: 'd:\\xampp8\\apache\\bin\\httpd.exe -d D:/Xampp8/apache'
[Sun May 21 10:55:21.012543 2023] [mpm_winnt:notice] [pid 28692:tid 340] AH00418: Parent: Created child process 13640
[Sun May 21 10:55:21.321448 2023] [ssl:warn] [pid 13640:tid 336] AH01909: www.example.com:443:0 server certificate does NOT include an ID which matches the server name
[Sun May 21 10:55:21.359412 2023] [ssl:warn] [pid 13640:tid 336] AH01909: www.example.com:443:0 server certificate does NOT include an ID which matches the server name
[Sun May 21 10:55:21.394445 2023] [mpm_winnt:notice] [pid 13640:tid 336] AH00354: Child: Starting 150 worker threads.
[Sun May 21 11:07:35.502095 2023] [ssl:warn] [pid 5520:tid 340] AH01909: www.example.com:443:0 server certificate does NOT include an ID which matches the server name
[Sun May 21 11:07:35.542695 2023] [core:warn] [pid 5520:tid 340] AH00098: pid file D:/Xampp8/apache/logs/httpd.pid overwritten -- Unclean shutdown of previous Apache run?
[Sun May 21 11:07:35.544692 2023] [ssl:warn] [pid 5520:tid 340] AH01909: www.example.com:443:0 server certificate does NOT include an ID which matches the server name
[Sun May 21 11:07:35.583250 2023] [mpm_winnt:notice] [pid 5520:tid 340] AH00455: Apache/2.4.54 (Win64) OpenSSL/1.1.1p PHP/8.2.0 configured -- resuming normal operations
[Sun May 21 11:07:35.583250 2023] [mpm_winnt:notice] [pid 5520:tid 340] AH00456: Apache Lounge VS16 Server built: Jun 22 2022 09:58:15
[Sun May 21 11:07:35.583250 2023] [core:notice] [pid 5520:tid 340] AH00094: Command line: 'd:\\xampp8\\apache\\bin\\httpd.exe -d D:/Xampp8/apache'
[Sun May 21 11:07:35.586216 2023] [mpm_winnt:notice] [pid 5520:tid 340] AH00418: Parent: Created child process 19528
[Sun May 21 11:07:35.898473 2023] [ssl:warn] [pid 19528:tid 336] AH01909: www.example.com:443:0 server certificate does NOT include an ID which matches the server name
[Sun May 21 11:07:35.936566 2023] [ssl:warn] [pid 19528:tid 336] AH01909: www.example.com:443:0 server certificate does NOT include an ID which matches the server name
[Sun May 21 11:07:35.970567 2023] [mpm_winnt:notice] [pid 19528:tid 336] AH00354: Child: Starting 150 worker threads.
[Sun May 21 12:20:38.305296 2023] [ssl:warn] [pid 332:tid 364] AH01909: www.example.com:443:0 server certificate does NOT include an ID which matches the server name
[Sun May 21 12:20:38.366295 2023] [core:warn] [pid 332:tid 364] AH00098: pid file D:/Xampp8/apache/logs/httpd.pid overwritten -- Unclean shutdown of previous Apache run?
[Sun May 21 12:20:38.369296 2023] [ssl:warn] [pid 332:tid 364] AH01909: www.example.com:443:0 server certificate does NOT include an ID which matches the server name
[Sun May 21 12:20:38.421293 2023] [mpm_winnt:notice] [pid 332:tid 364] AH00455: Apache/2.4.54 (Win64) OpenSSL/1.1.1p PHP/8.2.0 configured -- resuming normal operations
[Sun May 21 12:20:38.421293 2023] [mpm_winnt:notice] [pid 332:tid 364] AH00456: Apache Lounge VS16 Server built: Jun 22 2022 09:58:15
[Sun May 21 12:20:38.421293 2023] [core:notice] [pid 332:tid 364] AH00094: Command line: 'd:\\xampp8\\apache\\bin\\httpd.exe -d D:/Xampp8/apache'
[Sun May 21 12:20:38.426295 2023] [mpm_winnt:notice] [pid 332:tid 364] AH00418: Parent: Created child process 24228
[Sun May 21 12:20:38.819291 2023] [ssl:warn] [pid 24228:tid 336] AH01909: www.example.com:443:0 server certificate does NOT include an ID which matches the server name
[Sun May 21 12:20:38.868296 2023] [ssl:warn] [pid 24228:tid 336] AH01909: www.example.com:443:0 server certificate does NOT include an ID which matches the server name
[Sun May 21 12:20:38.914294 2023] [mpm_winnt:notice] [pid 24228:tid 336] AH00354: Child: Starting 150 worker threads.
[Sun May 21 13:33:31.696894 2023] [ssl:warn] [pid 19208:tid 352] AH01909: www.example.com:443:0 server certificate does NOT include an ID which matches the server name
[Sun May 21 13:33:31.746576 2023] [core:warn] [pid 19208:tid 352] AH00098: pid file D:/Xampp8/apache/logs/httpd.pid overwritten -- Unclean shutdown of previous Apache run?
[Sun May 21 13:33:31.748576 2023] [ssl:warn] [pid 19208:tid 352] AH01909: www.example.com:443:0 server certificate does NOT include an ID which matches the server name
[Sun May 21 13:33:31.792498 2023] [mpm_winnt:notice] [pid 19208:tid 352] AH00455: Apache/2.4.54 (Win64) OpenSSL/1.1.1p PHP/8.2.0 configured -- resuming normal operations
[Sun May 21 13:33:31.792498 2023] [mpm_winnt:notice] [pid 19208:tid 352] AH00456: Apache Lounge VS16 Server built: Jun 22 2022 09:58:15
[Sun May 21 13:33:31.792498 2023] [core:notice] [pid 19208:tid 352] AH00094: Command line: 'd:\\xampp8\\apache\\bin\\httpd.exe -d D:/Xampp8/apache'
[Sun May 21 13:33:31.796501 2023] [mpm_winnt:notice] [pid 19208:tid 352] AH00418: Parent: Created child process 9448
[Sun May 21 13:33:32.226874 2023] [ssl:warn] [pid 9448:tid 360] AH01909: www.example.com:443:0 server certificate does NOT include an ID which matches the server name
[Sun May 21 13:33:32.271372 2023] [ssl:warn] [pid 9448:tid 360] AH01909: www.example.com:443:0 server certificate does NOT include an ID which matches the server name
[Sun May 21 13:33:32.315011 2023] [mpm_winnt:notice] [pid 9448:tid 360] AH00354: Child: Starting 150 worker threads.
[Tue May 23 18:42:25.991623 2023] [ssl:warn] [pid 21056:tid 340] AH01909: www.example.com:443:0 server certificate does NOT include an ID which matches the server name
[Tue May 23 18:42:26.047624 2023] [core:warn] [pid 21056:tid 340] AH00098: pid file D:/Xampp8/apache/logs/httpd.pid overwritten -- Unclean shutdown of previous Apache run?
[Tue May 23 18:42:26.051623 2023] [ssl:warn] [pid 21056:tid 340] AH01909: www.example.com:443:0 server certificate does NOT include an ID which matches the server name
[Tue May 23 18:42:26.332863 2023] [mpm_winnt:notice] [pid 21056:tid 340] AH00455: Apache/2.4.54 (Win64) OpenSSL/1.1.1p PHP/8.2.0 configured -- resuming normal operations
[Tue May 23 18:42:26.332863 2023] [mpm_winnt:notice] [pid 21056:tid 340] AH00456: Apache Lounge VS16 Server built: Jun 22 2022 09:58:15
[Tue May 23 18:42:26.332863 2023] [core:notice] [pid 21056:tid 340] AH00094: Command line: 'd:\\xampp8\\apache\\bin\\httpd.exe -d D:/Xampp8/apache'
[Tue May 23 18:42:26.336866 2023] [mpm_winnt:notice] [pid 21056:tid 340] AH00418: Parent: Created child process 6948
[Tue May 23 18:42:26.758875 2023] [ssl:warn] [pid 6948:tid 336] AH01909: www.example.com:443:0 server certificate does NOT include an ID which matches the server name
[Tue May 23 18:42:26.807862 2023] [ssl:warn] [pid 6948:tid 336] AH01909: www.example.com:443:0 server certificate does NOT include an ID which matches the server name
[Tue May 23 18:42:26.848864 2023] [mpm_winnt:notice] [pid 6948:tid 336] AH00354: Child: Starting 150 worker threads.
[Mon May 29 16:29:34.667242 2023] [ssl:warn] [pid 10884:tid 344] AH01909: www.example.com:443:0 server certificate does NOT include an ID which matches the server name
[Mon May 29 16:29:34.719244 2023] [core:warn] [pid 10884:tid 344] AH00098: pid file D:/Xampp8/apache/logs/httpd.pid overwritten -- Unclean shutdown of previous Apache run?
[Mon May 29 16:29:34.722243 2023] [ssl:warn] [pid 10884:tid 344] AH01909: www.example.com:443:0 server certificate does NOT include an ID which matches the server name
[Mon May 29 16:29:35.034090 2023] [mpm_winnt:notice] [pid 10884:tid 344] AH00455: Apache/2.4.54 (Win64) OpenSSL/1.1.1p PHP/8.2.0 configured -- resuming normal operations
[Mon May 29 16:29:35.034090 2023] [mpm_winnt:notice] [pid 10884:tid 344] AH00456: Apache Lounge VS16 Server built: Jun 22 2022 09:58:15
[Mon May 29 16:29:35.034090 2023] [core:notice] [pid 10884:tid 344] AH00094: Command line: 'd:\\xampp8\\apache\\bin\\httpd.exe -d D:/Xampp8/apache'
[Mon May 29 16:29:35.038090 2023] [mpm_winnt:notice] [pid 10884:tid 344] AH00418: Parent: Created child process 3284
[Mon May 29 16:29:35.445087 2023] [ssl:warn] [pid 3284:tid 336] AH01909: www.example.com:443:0 server certificate does NOT include an ID which matches the server name
[Mon May 29 16:29:35.491982 2023] [ssl:warn] [pid 3284:tid 336] AH01909: www.example.com:443:0 server certificate does NOT include an ID which matches the server name
[Mon May 29 16:29:35.533379 2023] [mpm_winnt:notice] [pid 3284:tid 336] AH00354: Child: Starting 150 worker threads.
[Mon Jun 12 07:40:40.014724 2023] [ssl:warn] [pid 10548:tid 344] AH01909: www.example.com:443:0 server certificate does NOT include an ID which matches the server name
[Mon Jun 12 07:40:40.064724 2023] [core:warn] [pid 10548:tid 344] AH00098: pid file D:/Xampp8/apache/logs/httpd.pid overwritten -- Unclean shutdown of previous Apache run?
[Mon Jun 12 07:40:40.067724 2023] [ssl:warn] [pid 10548:tid 344] AH01909: www.example.com:443:0 server certificate does NOT include an ID which matches the server name
[Mon Jun 12 07:40:40.406463 2023] [mpm_winnt:notice] [pid 10548:tid 344] AH00455: Apache/2.4.54 (Win64) OpenSSL/1.1.1p PHP/8.2.0 configured -- resuming normal operations
[Mon Jun 12 07:40:40.406463 2023] [mpm_winnt:notice] [pid 10548:tid 344] AH00456: Apache Lounge VS16 Server built: Jun 22 2022 09:58:15
[Mon Jun 12 07:40:40.406463 2023] [core:notice] [pid 10548:tid 344] AH00094: Command line: 'd:\\xampp8\\apache\\bin\\httpd.exe -d D:/Xampp8/apache'
[Mon Jun 12 07:40:40.409464 2023] [mpm_winnt:notice] [pid 10548:tid 344] AH00418: Parent: Created child process 15048
[Mon Jun 12 07:40:40.860487 2023] [ssl:warn] [pid 15048:tid 376] AH01909: www.example.com:443:0 server certificate does NOT include an ID which matches the server name
[Mon Jun 12 07:40:40.904639 2023] [ssl:warn] [pid 15048:tid 376] AH01909: www.example.com:443:0 server certificate does NOT include an ID which matches the server name
[Mon Jun 12 07:40:40.947517 2023] [mpm_winnt:notice] [pid 15048:tid 376] AH00354: Child: Starting 150 worker threads.
[Mon Jun 12 07:48:34.816633 2023] [ssl:warn] [pid 19660:tid 340] AH01909: www.example.com:443:0 server certificate does NOT include an ID which matches the server name
[Mon Jun 12 07:48:34.866739 2023] [core:warn] [pid 19660:tid 340] AH00098: pid file D:/Xampp8/apache/logs/httpd.pid overwritten -- Unclean shutdown of previous Apache run?
[Mon Jun 12 07:48:34.868734 2023] [ssl:warn] [pid 19660:tid 340] AH01909: www.example.com:443:0 server certificate does NOT include an ID which matches the server name
[Mon Jun 12 07:48:34.911533 2023] [mpm_winnt:notice] [pid 19660:tid 340] AH00455: Apache/2.4.54 (Win64) OpenSSL/1.1.1p PHP/8.2.0 configured -- resuming normal operations
[Mon Jun 12 07:48:34.911533 2023] [mpm_winnt:notice] [pid 19660:tid 340] AH00456: Apache Lounge VS16 Server built: Jun 22 2022 09:58:15
[Mon Jun 12 07:48:34.911533 2023] [core:notice] [pid 19660:tid 340] AH00094: Command line: 'd:\\xampp8\\apache\\bin\\httpd.exe -d D:/Xampp8/apache'
[Mon Jun 12 07:48:34.915525 2023] [mpm_winnt:notice] [pid 19660:tid 340] AH00418: Parent: Created child process 23496
[Mon Jun 12 07:48:35.323215 2023] [ssl:warn] [pid 23496:tid 360] AH01909: www.example.com:443:0 server certificate does NOT include an ID which matches the server name
[Mon Jun 12 07:48:35.367943 2023] [ssl:warn] [pid 23496:tid 360] AH01909: www.example.com:443:0 server certificate does NOT include an ID which matches the server name
[Mon Jun 12 07:48:35.409800 2023] [mpm_winnt:notice] [pid 23496:tid 360] AH00354: Child: Starting 150 worker threads.
[Mon Jun 12 07:48:47.354208 2023] [ssl:warn] [pid 14432:tid 368] AH01909: www.example.com:443:0 server certificate does NOT include an ID which matches the server name
[Mon Jun 12 07:48:47.397136 2023] [core:warn] [pid 14432:tid 368] AH00098: pid file D:/Xampp8/apache/logs/httpd.pid overwritten -- Unclean shutdown of previous Apache run?
[Mon Jun 12 07:48:47.400137 2023] [ssl:warn] [pid 14432:tid 368] AH01909: www.example.com:443:0 server certificate does NOT include an ID which matches the server name
[Mon Jun 12 07:48:47.441054 2023] [mpm_winnt:notice] [pid 14432:tid 368] AH00455: Apache/2.4.54 (Win64) OpenSSL/1.1.1p PHP/8.2.0 configured -- resuming normal operations
[Mon Jun 12 07:48:47.441054 2023] [mpm_winnt:notice] [pid 14432:tid 368] AH00456: Apache Lounge VS16 Server built: Jun 22 2022 09:58:15
[Mon Jun 12 07:48:47.441054 2023] [core:notice] [pid 14432:tid 368] AH00094: Command line: 'd:\\xampp8\\apache\\bin\\httpd.exe -d D:/Xampp8/apache'
[Mon Jun 12 07:48:47.444017 2023] [mpm_winnt:notice] [pid 14432:tid 368] AH00418: Parent: Created child process 20076
[Mon Jun 12 07:48:47.742042 2023] [ssl:warn] [pid 20076:tid 368] AH01909: www.example.com:443:0 server certificate does NOT include an ID which matches the server name
[Mon Jun 12 07:48:47.778938 2023] [ssl:warn] [pid 20076:tid 368] AH01909: www.example.com:443:0 server certificate does NOT include an ID which matches the server name
[Mon Jun 12 07:48:47.813799 2023] [mpm_winnt:notice] [pid 20076:tid 368] AH00354: Child: Starting 150 worker threads.
[Mon Jun 12 07:57:07.527807 2023] [ssl:warn] [pid 9856:tid 348] AH01909: www.example.com:443:0 server certificate does NOT include an ID which matches the server name
[Mon Jun 12 07:57:07.573730 2023] [core:warn] [pid 9856:tid 348] AH00098: pid file D:/Xampp8/apache/logs/httpd.pid overwritten -- Unclean shutdown of previous Apache run?
[Mon Jun 12 07:57:07.575719 2023] [ssl:warn] [pid 9856:tid 348] AH01909: www.example.com:443:0 server certificate does NOT include an ID which matches the server name
[Mon Jun 12 07:57:07.617720 2023] [mpm_winnt:notice] [pid 9856:tid 348] AH00455: Apache/2.4.54 (Win64) OpenSSL/1.1.1p PHP/8.2.0 configured -- resuming normal operations
[Mon Jun 12 07:57:07.617720 2023] [mpm_winnt:notice] [pid 9856:tid 348] AH00456: Apache Lounge VS16 Server built: Jun 22 2022 09:58:15
[Mon Jun 12 07:57:07.617720 2023] [core:notice] [pid 9856:tid 348] AH00094: Command line: 'd:\\xampp8\\apache\\bin\\httpd.exe -d D:/Xampp8/apache'
[Mon Jun 12 07:57:07.620586 2023] [mpm_winnt:notice] [pid 9856:tid 348] AH00418: Parent: Created child process 5892
[Mon Jun 12 07:57:08.018740 2023] [ssl:warn] [pid 5892:tid 340] AH01909: www.example.com:443:0 server certificate does NOT include an ID which matches the server name
[Mon Jun 12 07:57:08.065761 2023] [ssl:warn] [pid 5892:tid 340] AH01909: www.example.com:443:0 server certificate does NOT include an ID which matches the server name
[Mon Jun 12 07:57:08.107112 2023] [mpm_winnt:notice] [pid 5892:tid 340] AH00354: Child: Starting 150 worker threads.
[Mon Jun 12 07:57:33.212800 2023] [ssl:warn] [pid 1712:tid 368] AH01909: www.example.com:443:0 server certificate does NOT include an ID which matches the server name
[Mon Jun 12 07:57:33.264053 2023] [core:warn] [pid 1712:tid 368] AH00098: pid file D:/Xampp8/apache/logs/httpd.pid overwritten -- Unclean shutdown of previous Apache run?
[Mon Jun 12 07:57:33.266053 2023] [ssl:warn] [pid 1712:tid 368] AH01909: www.example.com:443:0 server certificate does NOT include an ID which matches the server name
[Mon Jun 12 07:57:33.306180 2023] [mpm_winnt:notice] [pid 1712:tid 368] AH00455: Apache/2.4.54 (Win64) OpenSSL/1.1.1p PHP/8.2.0 configured -- resuming normal operations
[Mon Jun 12 07:57:33.306180 2023] [mpm_winnt:notice] [pid 1712:tid 368] AH00456: Apache Lounge VS16 Server built: Jun 22 2022 09:58:15
[Mon Jun 12 07:57:33.306180 2023] [core:notice] [pid 1712:tid 368] AH00094: Command line: 'd:\\xampp8\\apache\\bin\\httpd.exe -d D:/Xampp8/apache'
[Mon Jun 12 07:57:33.310180 2023] [mpm_winnt:notice] [pid 1712:tid 368] AH00418: Parent: Created child process 5752
[Mon Jun 12 07:57:33.713751 2023] [ssl:warn] [pid 5752:tid 336] AH01909: www.example.com:443:0 server certificate does NOT include an ID which matches the server name
[Mon Jun 12 07:57:33.756754 2023] [ssl:warn] [pid 5752:tid 336] AH01909: www.example.com:443:0 server certificate does NOT include an ID which matches the server name
[Mon Jun 12 07:57:33.797875 2023] [mpm_winnt:notice] [pid 5752:tid 336] AH00354: Child: Starting 150 worker threads.
[Mon Jun 12 18:50:05.232496 2023] [ssl:warn] [pid 11868:tid 340] AH01909: www.example.com:443:0 server certificate does NOT include an ID which matches the server name
[Mon Jun 12 18:50:05.271576 2023] [core:warn] [pid 11868:tid 340] AH00098: pid file D:/Xampp8/apache/logs/httpd.pid overwritten -- Unclean shutdown of previous Apache run?
[Mon Jun 12 18:50:05.273583 2023] [ssl:warn] [pid 11868:tid 340] AH01909: www.example.com:443:0 server certificate does NOT include an ID which matches the server name
[Mon Jun 12 18:50:05.527492 2023] [mpm_winnt:notice] [pid 11868:tid 340] AH00455: Apache/2.4.54 (Win64) OpenSSL/1.1.1p PHP/8.2.0 configured -- resuming normal operations
[Mon Jun 12 18:50:05.527492 2023] [mpm_winnt:notice] [pid 11868:tid 340] AH00456: Apache Lounge VS16 Server built: Jun 22 2022 09:58:15
[Mon Jun 12 18:50:05.527492 2023] [core:notice] [pid 11868:tid 340] AH00094: Command line: 'd:\\xampp8\\apache\\bin\\httpd.exe -d D:/Xampp8/apache'
[Mon Jun 12 18:50:05.530369 2023] [mpm_winnt:notice] [pid 11868:tid 340] AH00418: Parent: Created child process 13644
[Mon Jun 12 18:50:05.826693 2023] [ssl:warn] [pid 13644:tid 340] AH01909: www.example.com:443:0 server certificate does NOT include an ID which matches the server name
[Mon Jun 12 18:50:05.864340 2023] [ssl:warn] [pid 13644:tid 340] AH01909: www.example.com:443:0 server certificate does NOT include an ID which matches the server name
[Mon Jun 12 18:50:05.901285 2023] [mpm_winnt:notice] [pid 13644:tid 340] AH00354: Child: Starting 150 worker threads.
